<?xml version="1.0" encoding="UTF-8"?>
<!-- Generated by org.testng.reporters.JUnitXMLReporter -->
<testsuite ignored="0" hostname="MacBook-Pro-Olga.local" failures="1" tests="1" name="Surefire test" time="0.037" errors="0" timestamp="30 окт. 2020 17:25:38 GMT">
  <testcase classname="LogInTest" name="firstTest" time="0.002">
    <failure type="java.lang.NullPointerException">
      <![CDATA[java.lang.NullPointerException
at pages.LogIn.logIn(LogIn.java:60)
at LogInTest.firstTest(LogInTest.java:30)
... Removed 29 stack frames]]>
    </failure>
  </testcase> <!-- firstTest -->
</testsuite> <!-- Surefire test -->
